<?xml version="1.0" encoding="UTF-8"?>
<!-- Generated by org.testng.reporters.JUnitXMLReporter -->
<testsuite ignored="0" hostname="LAPTOP-46IJ4KUO" failures="0" tests="4" name="Test" time="42.655" errors="0" timestamp="2024-11-15T20:45:00 GMT">
  <testcase classname="com.test.StealElementexception" name="Fashion" time="16.298"/>
  <testcase classname="com.test.StealElementexception" name="HomeEssential" time="11.768"/>
  <testcase classname="com.test.Multiple" name="DropDown" time="1.432"/>
  <testcase classname="com.test.Multiple" name="AdvanceDropDown" time="5.168"/>
</testsuite> <!-- Test -->
