<?xml version="1.0" encoding="UTF-8"?>
<testsuite xmlns:xsi="http://www.w3.org/2001/XMLSchema-instance" xsi:noNamespaceSchemaLocation="https://maven.apache.org/surefire/maven-surefire-plugin/xsd/surefire-test-report.xsd" name="TestSuite" time="43.688" tests="4" errors="0" skipped="0" failures="0">
  <properties>
[...]
</properties>
  <testcase name="Fashion" classname="com.test.StealElementexception" time="16.298"/>
  <testcase name="HomeEssential" classname="com.test.StealElementexception" time="11.77"/>
  <testcase name="DropDown" classname="com.test.Multiple" time="1.429"/>
  <testcase name="AdvanceDropDown" classname="com.test.Multiple" time="5.168"/>
</testsuite>