<?xml version="1.0" encoding="UTF-8"?>
<testng-results ignored="0" total="4" passed="4" failed="0" skipped="0">
  <reporter-output>
  </reporter-output>
  <suite started-at="2024-11-15T20:44:18 GMT" name="Suite" finished-at="2024-11-15T20:45:00 GMT" duration-ms="42655">
    <groups>
    </groups>
    <test started-at="2024-11-15T20:44:18 GMT" name="Test" finished-at="2024-11-15T20:45:00 GMT" duration-ms="42655">
      <class name="com.test.Multiple">
        <test-method is-config="true" signature="Initalization()[pri:0, instance:com.test.Multiple@78b66d36]" started-at="2024-11-15T20:44:46 GMT" name="Initalization" finished-at="2024-11-15T20:44:53 GMT" duration-ms="7222" status="PASS">
          <reporter-output>
          </reporter-output>
        </test-method> <!-- Initalization -->
        <test-method signature="DropDown()[pri:1, instance:com.test.Multiple@78b66d36]" started-at="2024-11-15T20:44:53 GMT" name="DropDown" finished-at="2024-11-15T20:44:55 GMT" duration-ms="1432" status="PASS">
          <reporter-output>
          </reporter-output>
        </test-method> <!-- DropDown -->
        <test-method signature="AdvanceDropDown()[pri:2, instance:com.test.Multiple@78b66d36]" started-at="2024-11-15T20:44:55 GMT" name="AdvanceDropDown" finished-at="2024-11-15T20:45:00 GMT" duration-ms="5168" status="PASS">
          <reporter-output>
          </reporter-output>
        </test-method> <!-- AdvanceDropDown -->
        <test-method is-config="true" signature="CleanUp()[pri:0, instance:com.test.Multiple@78b66d36]" started-at="2024-11-15T20:45:00 GMT" name="CleanUp" finished-at="2024-11-15T20:45:00 GMT" duration-ms="667" status="PASS">
          <reporter-output>
          </reporter-output>
        </test-method> <!-- CleanUp -->
      </class> <!-- com.test.Multiple -->
      <class name="com.test.StealElementexception">
        <test-method signature="Fashion()[pri:1, instance:com.test.StealElementexception@5276e6b0]" started-at="2024-11-15T20:44:18 GMT" name="Fashion" finished-at="2024-11-15T20:44:34 GMT" duration-ms="16298" status="PASS">
          <reporter-output>
          </reporter-output>
        </test-method> <!-- Fashion -->
        <test-method signature="HomeEssential()[pri:2, instance:com.test.StealElementexception@5276e6b0]" started-at="2024-11-15T20:44:34 GMT" name="HomeEssential" finished-at="2024-11-15T20:44:46 GMT" duration-ms="11768" status="PASS">
          <reporter-output>
          </reporter-output>
        </test-method> <!-- HomeEssential -->
      </class> <!-- com.test.StealElementexception -->
    </test> <!-- Test -->
  </suite> <!-- Suite -->
</testng-results>
