<?xml version="1.0" encoding="UTF-8"?>
<testng-results ignored="0" total="4" passed="4" failed="0" skipped="0">
  <reporter-output>
  </reporter-output>
  <suite started-at="2024-11-15T20:33:37 GMT" name="Suite" finished-at="2024-11-15T20:34:29 GMT" duration-ms="52220">
    <groups>
    </groups>
    <test started-at="2024-11-15T20:33:37 GMT" name="Test" finished-at="2024-11-15T20:34:29 GMT" duration-ms="52220">
      <class name="com.test.Multiple">
        <test-method is-config="true" signature="Initalization()[pri:0, instance:com.test.Multiple@3fc2959f]" started-at="2024-11-15T20:34:14 GMT" name="Initalization" finished-at="2024-11-15T20:34:21 GMT" duration-ms="6825" status="PASS">
          <reporter-output>
          </reporter-output>
        </test-method> <!-- Initalization -->
        <test-method signature="DropDown()[pri:1, instance:com.test.Multiple@3fc2959f]" started-at="2024-11-15T20:34:21 GMT" name="DropDown" finished-at="2024-11-15T20:34:23 GMT" duration-ms="1920" status="PASS">
          <reporter-output>
          </reporter-output>
        </test-method> <!-- DropDown -->
        <test-method signature="AdvanceDropDown()[pri:2, instance:com.test.Multiple@3fc2959f]" started-at="2024-11-15T20:34:23 GMT" name="AdvanceDropDown" finished-at="2024-11-15T20:34:28 GMT" duration-ms="5119" status="PASS">
          <reporter-output>
          </reporter-output>
        </test-method> <!-- AdvanceDropDown -->
        <test-method is-config="true" signature="CleanUp()[pri:0, instance:com.test.Multiple@3fc2959f]" started-at="2024-11-15T20:34:28 GMT" name="CleanUp" finished-at="2024-11-15T20:34:29 GMT" duration-ms="849" status="PASS">
          <reporter-output>
          </reporter-output>
        </test-method> <!-- CleanUp -->
      </class> <!-- com.test.Multiple -->
      <class name="com.test.StealElementexception">
        <test-method signature="Fashion()[pri:1, instance:com.test.StealElementexception@65fb9ffc]" started-at="2024-11-15T20:33:37 GMT" name="Fashion" finished-at="2024-11-15T20:33:54 GMT" duration-ms="16929" status="PASS">
          <reporter-output>
          </reporter-output>
        </test-method> <!-- Fashion -->
        <test-method signature="HomeEssential()[pri:2, instance:com.test.StealElementexception@65fb9ffc]" started-at="2024-11-15T20:33:54 GMT" name="HomeEssential" finished-at="2024-11-15T20:34:14 GMT" duration-ms="20480" status="PASS">
          <reporter-output>
          </reporter-output>
        </test-method> <!-- HomeEssential -->
      </class> <!-- com.test.StealElementexception -->
    </test> <!-- Test -->
  </suite> <!-- Suite -->
</testng-results>
