<?xml version="1.0" encoding="UTF-8"?>
<!-- Generated by org.testng.reporters.JUnitXMLReporter -->
<testsuite ignored="0" hostname="LAPTOP-46IJ4KUO" failures="0" tests="4" name="Test" time="52.22" errors="0" timestamp="2024-11-15T20:34:29 GMT">
  <testcase classname="com.test.StealElementexception" name="Fashion" time="16.929"/>
  <testcase classname="com.test.StealElementexception" name="HomeEssential" time="20.48"/>
  <testcase classname="com.test.Multiple" name="DropDown" time="1.92"/>
  <testcase classname="com.test.Multiple" name="AdvanceDropDown" time="5.119"/>
</testsuite> <!-- Test -->
